Determining if the pthread_create exist failed with the following output:
Change Dir: /home/robot/bebop_ws/build/bebop_autonomy/CMakeFiles/CMakeTmp

Run Build Command:/usr/bin/make "cmTryCompileExec4029292522/fast"
/usr/bin/make -f CMakeFiles/cmTryCompileExec4029292522.dir/build.make CMakeFiles/cmTryCompileExec4029292522.dir/build
make[1]: Entering directory `/home/robot/bebop_ws/build/bebop_autonomy/CMakeFiles/CMakeTmp'
/usr/bin/cmake -E cmake_progress_report /home/robot/bebop_ws/build/bebop_autonomy/CMakeFiles/CMakeTmp/CMakeFiles 1
Building C object CMakeFiles/cmTryCompileExec4029292522.dir/CheckSymbolExists.c.o
/usr/bin/cc    -o CMakeFiles/cmTryCompileExec4029292522.dir/CheckSymbolExists.c.o   -c /home/robot/bebop_ws/build/bebop_autonomy/CMakeFiles/CMakeTmp/CheckSymbolExists.c
Linking C executable cmTryCompileExec4029292522
/usr/bin/cmake -E cmake_link_script CMakeFiles/cmTryCompileExec4029292522.dir/link.txt --verbose=1
/usr/bin/cc       CMakeFiles/cmTryCompileExec4029292522.dir/CheckSymbolExists.c.o  -o cmTryCompileExec4029292522 -rdynamic 
CMakeFiles/cmTryCompileExec4029292522.dir/CheckSymbolExists.c.o: In function `main':
CheckSymbolExists.c:(.text+0x16): undefined reference to `pthread_create'
collect2: error: ld returned 1 exit status
make[1]: *** [cmTryCompileExec4029292522] Error 1
make[1]: Leaving directory `/home/robot/bebop_ws/build/bebop_autonomy/CMakeFiles/CMakeTmp'
make: *** [cmTryCompileExec4029292522/fast] Error 2

File /home/robot/bebop_ws/build/bebop_autonomy/CMakeFiles/CMakeTmp/CheckSymbolExists.c:
/* */
#include <pthread.h>

int main(int argc, char** argv)
{
  (void)argv;
#ifndef pthread_create
  return ((int*)(&pthread_create))[argc];
#else
  (void)argc;
  return 0;
#endif
}

Determining if the function pthread_create exists in the pthreads failed with the following output:
Change Dir: /home/robot/bebop_ws/build/bebop_autonomy/CMakeFiles/CMakeTmp

Run Build Command:/usr/bin/make "cmTryCompileExec3569732130/fast"
/usr/bin/make -f CMakeFiles/cmTryCompileExec3569732130.dir/build.make CMakeFiles/cmTryCompileExec3569732130.dir/build
make[1]: Entering directory `/home/robot/bebop_ws/build/bebop_autonomy/CMakeFiles/CMakeTmp'
/usr/bin/cmake -E cmake_progress_report /home/robot/bebop_ws/build/bebop_autonomy/CMakeFiles/CMakeTmp/CMakeFiles 1
Building C object CMakeFiles/cmTryCompileExec3569732130.dir/CheckFunctionExists.c.o
/usr/bin/cc   -DCHECK_FUNCTION_EXISTS=pthread_create   -o CMakeFiles/cmTryCompileExec3569732130.dir/CheckFunctionExists.c.o   -c /usr/share/cmake-2.8/Modules/CheckFunctionExists.c
Linking C executable cmTryCompileExec3569732130
/usr/bin/cmake -E cmake_link_script CMakeFiles/cmTryCompileExec3569732130.dir/link.txt --verbose=1
/usr/bin/cc   -DCHECK_FUNCTION_EXISTS=pthread_create    CMakeFiles/cmTryCompileExec3569732130.dir/CheckFunctionExists.c.o  -o cmTryCompileExec3569732130 -rdynamic -lpthreads 
/usr/bin/ld: cannot find -lpthreads
collect2: error: ld returned 1 exit status
make[1]: *** [cmTryCompileExec3569732130] Error 1
make[1]: Leaving directory `/home/robot/bebop_ws/build/bebop_autonomy/CMakeFiles/CMakeTmp'
make: *** [cmTryCompileExec3569732130/fast] Error 2


