Determining if the pthread_create exist failed with the following output:
Change Dir: /home/robot/bebop_ws/build/bebop_driver/CMakeFiles/CMakeTmp

Run Build Command:/usr/bin/make "cmTryCompileExec588530779/fast"
/usr/bin/make -f CMakeFiles/cmTryCompileExec588530779.dir/build.make CMakeFiles/cmTryCompileExec588530779.dir/build
make[1]: Entering directory `/home/robot/bebop_ws/build/bebop_driver/CMakeFiles/CMakeTmp'
/usr/bin/cmake -E cmake_progress_report /home/robot/bebop_ws/build/bebop_driver/CMakeFiles/CMakeTmp/CMakeFiles 1
Building C object CMakeFiles/cmTryCompileExec588530779.dir/CheckSymbolExists.c.o
/usr/bin/cc    -o CMakeFiles/cmTryCompileExec588530779.dir/CheckSymbolExists.c.o   -c /home/robot/bebop_ws/build/bebop_driver/CMakeFiles/CMakeTmp/CheckSymbolExists.c
Linking C executable cmTryCompileExec588530779
/usr/bin/cmake -E cmake_link_script CMakeFiles/cmTryCompileExec588530779.dir/link.txt --verbose=1
/usr/bin/cc       CMakeFiles/cmTryCompileExec588530779.dir/CheckSymbolExists.c.o  -o cmTryCompileExec588530779 -rdynamic 
CMakeFiles/cmTryCompileExec588530779.dir/CheckSymbolExists.c.o: In function `main':
CheckSymbolExists.c:(.text+0x16): undefined reference to `pthread_create'
collect2: error: ld returned 1 exit status
make[1]: *** [cmTryCompileExec588530779] Error 1
make[1]: Leaving directory `/home/robot/bebop_ws/build/bebop_driver/CMakeFiles/CMakeTmp'
make: *** [cmTryCompileExec588530779/fast] Error 2

File /home/robot/bebop_ws/build/bebop_driver/CMakeFiles/CMakeTmp/CheckSymbolExists.c:
/* */
#include <pthread.h>

int main(int argc, char** argv)
{
  (void)argv;
#ifndef pthread_create
  return ((int*)(&pthread_create))[argc];
#else
  (void)argc;
  return 0;
#endif
}

Determining if the function pthread_create exists in the pthreads failed with the following output:
Change Dir: /home/robot/bebop_ws/build/bebop_driver/CMakeFiles/CMakeTmp

Run Build Command:/usr/bin/make "cmTryCompileExec2096230005/fast"
/usr/bin/make -f CMakeFiles/cmTryCompileExec2096230005.dir/build.make CMakeFiles/cmTryCompileExec2096230005.dir/build
make[1]: Entering directory `/home/robot/bebop_ws/build/bebop_driver/CMakeFiles/CMakeTmp'
/usr/bin/cmake -E cmake_progress_report /home/robot/bebop_ws/build/bebop_driver/CMakeFiles/CMakeTmp/CMakeFiles 1
Building C object CMakeFiles/cmTryCompileExec2096230005.dir/CheckFunctionExists.c.o
/usr/bin/cc   -DCHECK_FUNCTION_EXISTS=pthread_create   -o CMakeFiles/cmTryCompileExec2096230005.dir/CheckFunctionExists.c.o   -c /usr/share/cmake-2.8/Modules/CheckFunctionExists.c
Linking C executable cmTryCompileExec2096230005
/usr/bin/cmake -E cmake_link_script CMakeFiles/cmTryCompileExec2096230005.dir/link.txt --verbose=1
/usr/bin/cc   -DCHECK_FUNCTION_EXISTS=pthread_create    CMakeFiles/cmTryCompileExec2096230005.dir/CheckFunctionExists.c.o  -o cmTryCompileExec2096230005 -rdynamic -lpthreads 
/usr/bin/ld: cannot find -lpthreads
collect2: error: ld returned 1 exit status
make[1]: *** [cmTryCompileExec2096230005] Error 1
make[1]: Leaving directory `/home/robot/bebop_ws/build/bebop_driver/CMakeFiles/CMakeTmp'
make: *** [cmTryCompileExec2096230005/fast] Error 2


