Determining if the pthread_create exist failed with the following output:
Change Dir: /home/robot/bebop_ws/build/camera_info_manager/CMakeFiles/CMakeTmp

Run Build Command:/usr/bin/make "cmTryCompileExec4230295788/fast"
/usr/bin/make -f CMakeFiles/cmTryCompileExec4230295788.dir/build.make CMakeFiles/cmTryCompileExec4230295788.dir/build
make[1]: Entering directory `/home/robot/bebop_ws/build/camera_info_manager/CMakeFiles/CMakeTmp'
/usr/bin/cmake -E cmake_progress_report /home/robot/bebop_ws/build/camera_info_manager/CMakeFiles/CMakeTmp/CMakeFiles 1
Building C object CMakeFiles/cmTryCompileExec4230295788.dir/CheckSymbolExists.c.o
/usr/bin/cc    -o CMakeFiles/cmTryCompileExec4230295788.dir/CheckSymbolExists.c.o   -c /home/robot/bebop_ws/build/camera_info_manager/CMakeFiles/CMakeTmp/CheckSymbolExists.c
Linking C executable cmTryCompileExec4230295788
/usr/bin/cmake -E cmake_link_script CMakeFiles/cmTryCompileExec4230295788.dir/link.txt --verbose=1
/usr/bin/cc       CMakeFiles/cmTryCompileExec4230295788.dir/CheckSymbolExists.c.o  -o cmTryCompileExec4230295788 -rdynamic 
CMakeFiles/cmTryCompileExec4230295788.dir/CheckSymbolExists.c.o: In function `main':
CheckSymbolExists.c:(.text+0x16): undefined reference to `pthread_create'
collect2: error: ld returned 1 exit status
make[1]: Leaving directory `/home/robot/bebop_ws/build/camera_info_manager/CMakeFiles/CMakeTmp'
make[1]: *** [cmTryCompileExec4230295788] Error 1
make: *** [cmTryCompileExec4230295788/fast] Error 2

File /home/robot/bebop_ws/build/camera_info_manager/CMakeFiles/CMakeTmp/CheckSymbolExists.c:
/* */
#include <pthread.h>

int main(int argc, char** argv)
{
  (void)argv;
#ifndef pthread_create
  return ((int*)(&pthread_create))[argc];
#else
  (void)argc;
  return 0;
#endif
}

Determining if the function pthread_create exists in the pthreads failed with the following output:
Change Dir: /home/robot/bebop_ws/build/camera_info_manager/CMakeFiles/CMakeTmp

Run Build Command:/usr/bin/make "cmTryCompileExec2369657569/fast"
/usr/bin/make -f CMakeFiles/cmTryCompileExec2369657569.dir/build.make CMakeFiles/cmTryCompileExec2369657569.dir/build
make[1]: Entering directory `/home/robot/bebop_ws/build/camera_info_manager/CMakeFiles/CMakeTmp'
/usr/bin/cmake -E cmake_progress_report /home/robot/bebop_ws/build/camera_info_manager/CMakeFiles/CMakeTmp/CMakeFiles 1
Building C object CMakeFiles/cmTryCompileExec2369657569.dir/CheckFunctionExists.c.o
/usr/bin/cc   -DCHECK_FUNCTION_EXISTS=pthread_create   -o CMakeFiles/cmTryCompileExec2369657569.dir/CheckFunctionExists.c.o   -c /usr/share/cmake-2.8/Modules/CheckFunctionExists.c
Linking C executable cmTryCompileExec2369657569
/usr/bin/cmake -E cmake_link_script CMakeFiles/cmTryCompileExec2369657569.dir/link.txt --verbose=1
/usr/bin/cc   -DCHECK_FUNCTION_EXISTS=pthread_create    CMakeFiles/cmTryCompileExec2369657569.dir/CheckFunctionExists.c.o  -o cmTryCompileExec2369657569 -rdynamic -lpthreads 
/usr/bin/ld: cannot find -lpthreads
collect2: error: ld returned 1 exit status
make[1]: Leaving directory `/home/robot/bebop_ws/build/camera_info_manager/CMakeFiles/CMakeTmp'
make[1]: *** [cmTryCompileExec2369657569] Error 1
make: *** [cmTryCompileExec2369657569/fast] Error 2


