[[36mbebop_vision[0m] [1m[34m==>[0m '[1m/home/robot/bebop_ws/build/bebop_vision/build_env.sh /usr/bin/make cmake_check_build_system[0m' [30m[1min[0m '[1m/home/robot/bebop_ws/build/bebop_vision[0m'[0m
[[36mbebop_vision[0m] [32m<==[0m '[1m/home/robot/bebop_ws/build/bebop_vision/build_env.sh /usr/bin/make cmake_check_build_system[0m' finished with return code '[1m0[0m'[0m
[[36mbebop_vision[0m] [1m[34m==>[0m '[1m/home/robot/bebop_ws/build/bebop_vision/build_env.sh /usr/bin/make --jobserver-fds=3,5 -j[0m' [30m[1min[0m '[1m/home/robot/bebop_ws/build/bebop_vision[0m'[0m
[35m[1mScanning dependencies of target kobuki_formation_control
[ 25%] Built target bebop_cpp_libs
[ 50%] Built target bebop_vision_node
[ 75%] Built target bebop_color_track_node
[0m[100%] [32mBuilding CXX object CMakeFiles/kobuki_formation_control.dir/src/formation_control.cpp.o
[0m/home/robot/bebop_ws/src/bebop_vision/src/formation_control.cpp: In member function void Move::forceCalc(int*, int*, int):
/home/robot/bebop_ws/src/bebop_vision/src/formation_control.cpp:258:32: warning: extended initializer lists only available with -std=c++11 or -std=gnu++11 [enabled by default]
    leadForceX[numAgents] = {0.0};
                                ^
/home/robot/bebop_ws/src/bebop_vision/src/formation_control.cpp:259:32: warning: extended initializer lists only available with -std=c++11 or -std=gnu++11 [enabled by default]
    leadForceY[numAgents] = {0.0};
                                ^
/home/robot/bebop_ws/src/bebop_vision/src/formation_control.cpp:260:33: warning: extended initializer lists only available with -std=c++11 or -std=gnu++11 [enabled by default]
    agentForceX[numAgents] = {0.0};
                                 ^
/home/robot/bebop_ws/src/bebop_vision/src/formation_control.cpp:261:33: warning: extended initializer lists only available with -std=c++11 or -std=gnu++11 [enabled by default]
    agentForceY[numAgents] = {0.0};
                                 ^
/home/robot/bebop_ws/src/bebop_vision/src/formation_control.cpp:262:36: warning: extended initializer lists only available with -std=c++11 or -std=gnu++11 [enabled by default]
       totalForceX[numAgents] = {0.0};
                                    ^
/home/robot/bebop_ws/src/bebop_vision/src/formation_control.cpp:263:33: warning: extended initializer lists only available with -std=c++11 or -std=gnu++11 [enabled by default]
    totalForceY[numAgents] = {0.0}; 
                                 ^
[31m[1mLinking CXX executable /home/robot/bebop_ws/devel/lib/bebop_vision/kobuki_formation_control
[0m[100%] Built target kobuki_formation_control
[[36mbebop_vision[0m] [32m<==[0m '[1m/home/robot/bebop_ws/build/bebop_vision/build_env.sh /usr/bin/make --jobserver-fds=3,5 -j[0m' finished with return code '[1m0[0m'[0m
