[[36mpolled_camera[0m] [1m[34m==>[0m '[1m/home/robot/bebop_ws/build/polled_camera/build_env.sh /usr/bin/make cmake_check_build_system[0m' [30m[1min[0m '[1m/home/robot/bebop_ws/build/polled_camera[0m'[0m
[[36mpolled_camera[0m] [32m<==[0m '[1m/home/robot/bebop_ws/build/polled_camera/build_env.sh /usr/bin/make cmake_check_build_system[0m' finished with return code '[1m0[0m'[0m
[[36mpolled_camera[0m] [1m[34m==>[0m '[1m/home/robot/bebop_ws/build/polled_camera/build_env.sh /usr/bin/make --jobserver-fds=3,5 -j[0m' [30m[1min[0m '[1m/home/robot/bebop_ws/build/polled_camera[0m'[0m
[  0%] Built target sensor_msgs_generate_messages_cpp
[  0%] Built target _polled_camera_generate_messages_check_deps_GetPolledImage
[  0%] [  0%] Built target std_msgs_generate_messages_cpp
[  0%] Built target sensor_msgs_generate_messages_py
Built target std_msgs_generate_messages_py
[  0%] [  0%] Built target sensor_msgs_generate_messages_lisp
Built target std_msgs_generate_messages_lisp
[ 11%] Built target polled_camera_generate_messages_java
[ 22%] [ 33%] Built target polled_camera_generate_messages_cpp
[34m[1mCompiling Java code for polled_camera
[0m[ 55%] Built target polled_camera_generate_messages_py
[ 66%] Built target polled_camera_generate_messages_lisp
[ 66%] Built target polled_camera_gencpp
[ 77%] Built target polled_camera_generate_messages_java_gradle
[ 88%] Built target polled_camera
[ 88%] Built target polled_camera_generate_messages
[100%] Built target poller
[[36mpolled_camera[0m] [32m<==[0m '[1m/home/robot/bebop_ws/build/polled_camera/build_env.sh /usr/bin/make --jobserver-fds=3,5 -j[0m' finished with return code '[1m0[0m'[0m
