Determining if the pthread_create exist failed with the following output:
Change Dir: /home/robot/bebop_ws/build/bebop_msgs/CMakeFiles/CMakeTmp

Run Build Command:/usr/bin/make "cmTryCompileExec3203736954/fast"
/usr/bin/make -f CMakeFiles/cmTryCompileExec3203736954.dir/build.make CMakeFiles/cmTryCompileExec3203736954.dir/build
make[1]: Entering directory `/home/robot/bebop_ws/build/bebop_msgs/CMakeFiles/CMakeTmp'
/usr/bin/cmake -E cmake_progress_report /home/robot/bebop_ws/build/bebop_msgs/CMakeFiles/CMakeTmp/CMakeFiles 1
Building C object CMakeFiles/cmTryCompileExec3203736954.dir/CheckSymbolExists.c.o
/usr/bin/cc    -o CMakeFiles/cmTryCompileExec3203736954.dir/CheckSymbolExists.c.o   -c /home/robot/bebop_ws/build/bebop_msgs/CMakeFiles/CMakeTmp/CheckSymbolExists.c
Linking C executable cmTryCompileExec3203736954
/usr/bin/cmake -E cmake_link_script CMakeFiles/cmTryCompileExec3203736954.dir/link.txt --verbose=1
/usr/bin/cc       CMakeFiles/cmTryCompileExec3203736954.dir/CheckSymbolExists.c.o  -o cmTryCompileExec3203736954 -rdynamic 
CMakeFiles/cmTryCompileExec3203736954.dir/CheckSymbolExists.c.o: In function `main':
CheckSymbolExists.c:(.text+0x16): undefined reference to `pthread_create'
collect2: error: ld returned 1 exit status
make[1]: Leaving directory `/home/robot/bebop_ws/build/bebop_msgs/CMakeFiles/CMakeTmp'
make[1]: *** [cmTryCompileExec3203736954] Error 1
make: *** [cmTryCompileExec3203736954/fast] Error 2

File /home/robot/bebop_ws/build/bebop_msgs/CMakeFiles/CMakeTmp/CheckSymbolExists.c:
/* */
#include <pthread.h>

int main(int argc, char** argv)
{
  (void)argv;
#ifndef pthread_create
  return ((int*)(&pthread_create))[argc];
#else
  (void)argc;
  return 0;
#endif
}

Determining if the function pthread_create exists in the pthreads failed with the following output:
Change Dir: /home/robot/bebop_ws/build/bebop_msgs/CMakeFiles/CMakeTmp

Run Build Command:/usr/bin/make "cmTryCompileExec805052807/fast"
/usr/bin/make -f CMakeFiles/cmTryCompileExec805052807.dir/build.make CMakeFiles/cmTryCompileExec805052807.dir/build
make[1]: Entering directory `/home/robot/bebop_ws/build/bebop_msgs/CMakeFiles/CMakeTmp'
/usr/bin/cmake -E cmake_progress_report /home/robot/bebop_ws/build/bebop_msgs/CMakeFiles/CMakeTmp/CMakeFiles 1
Building C object CMakeFiles/cmTryCompileExec805052807.dir/CheckFunctionExists.c.o
/usr/bin/cc   -DCHECK_FUNCTION_EXISTS=pthread_create   -o CMakeFiles/cmTryCompileExec805052807.dir/CheckFunctionExists.c.o   -c /usr/share/cmake-2.8/Modules/CheckFunctionExists.c
Linking C executable cmTryCompileExec805052807
/usr/bin/cmake -E cmake_link_script CMakeFiles/cmTryCompileExec805052807.dir/link.txt --verbose=1
/usr/bin/cc   -DCHECK_FUNCTION_EXISTS=pthread_create    CMakeFiles/cmTryCompileExec805052807.dir/CheckFunctionExists.c.o  -o cmTryCompileExec805052807 -rdynamic -lpthreads 
/usr/bin/ld: cannot find -lpthreads
collect2: error: ld returned 1 exit status
make[1]: *** [cmTryCompileExec805052807] Error 1
make[1]: Leaving directory `/home/robot/bebop_ws/build/bebop_msgs/CMakeFiles/CMakeTmp'
make: *** [cmTryCompileExec805052807/fast] Error 2


